[ 2025-01-11 12:04:14,514 ] 1025 httpx - INFO - HTTP Request: GET https://dagshub.com/api/v1/user "HTTP/1.1 200 OK"
[ 2025-01-11 12:04:14,522 ] 107 dagshub - INFO - Accessing as Sai-Santhosh
[ 2025-01-11 12:04:14,922 ] 1025 httpx - INFO - HTTP Request: GET https://dagshub.com/api/v1/repos/Sai-Santhosh/MLOPS_Breast_Cancer "HTTP/1.1 200 OK"
[ 2025-01-11 12:04:15,278 ] 1025 httpx - INFO - HTTP Request: GET https://dagshub.com/api/v1/user "HTTP/1.1 200 OK"
[ 2025-01-11 12:04:15,283 ] 107 dagshub - INFO - Initialized MLflow to track repo "Sai-Santhosh/MLOPS_Breast_Cancer"
[ 2025-01-11 12:04:15,284 ] 107 dagshub - INFO - Repository Sai-Santhosh/MLOPS_Breast_Cancer initialized!
[ 2025-01-11 12:05:04,643 ] 42 root - INFO - Start data Ingestion
[ 2025-01-11 12:05:09,464 ] 62 root - INFO - Performed train test split on the dataframe
[ 2025-01-11 12:05:09,465 ] 64 root - INFO - Exited split_data_as_train_test method of Data_Ingestion class
[ 2025-01-11 12:05:09,465 ] 72 root - INFO - Exporting train and test file path.
[ 2025-01-11 12:05:09,506 ] 81 root - INFO - Exported train and test file path.
[ 2025-01-11 12:05:09,506 ] 45 root - INFO - Data Ingestion completed and artifact: DataIngestionArtifact(trained_file_path='Artifacts\\01_11_2025_12_04_06\\data_ingestion\\ingested\\train.csv', test_file_path='Artifacts\\01_11_2025_12_04_06\\data_ingestion\\ingested\\test.csv')
[ 2025-01-11 12:05:09,523 ] 55 root - INFO - Initiate the data Validation
[ 2025-01-11 12:05:09,586 ] 33 root - INFO - Required number of columns:3
[ 2025-01-11 12:05:09,586 ] 34 root - INFO - Data frame has columns:33
[ 2025-01-11 12:05:09,586 ] 33 root - INFO - Required number of columns:3
[ 2025-01-11 12:05:09,586 ] 34 root - INFO - Data frame has columns:33
[ 2025-01-11 12:05:09,683 ] 51 root - INFO - Starting data transformation process.
[ 2025-01-11 12:05:09,697 ] 66 root - INFO - Encoded target variable successfully.
[ 2025-01-11 12:05:09,697 ] 37 root - INFO - Creating data transformer object with KNNImputer and StandardScaler.
[ 2025-01-11 12:05:09,719 ] 41 root - INFO - Entered the save_object method of MainUtils class
[ 2025-01-11 12:05:09,721 ] 45 root - INFO - Exited the save_object method of MainUtils class
[ 2025-01-11 12:05:09,721 ] 41 root - INFO - Entered the save_object method of MainUtils class
[ 2025-01-11 12:05:09,722 ] 45 root - INFO - Exited the save_object method of MainUtils class
[ 2025-01-11 12:05:09,722 ] 41 root - INFO - Entered the save_object method of MainUtils class
[ 2025-01-11 12:05:09,724 ] 45 root - INFO - Exited the save_object method of MainUtils class
[ 2025-01-11 12:05:09,724 ] 86 root - INFO - Saved transformed data and preprocessing objects successfully.
[ 2025-01-11 12:09:56,915 ] 41 root - INFO - Entered the save_object method of MainUtils class
[ 2025-01-11 12:09:56,915 ] 45 root - INFO - Exited the save_object method of MainUtils class
[ 2025-01-11 12:09:56,915 ] 41 root - INFO - Entered the save_object method of MainUtils class
[ 2025-01-11 12:09:56,922 ] 45 root - INFO - Exited the save_object method of MainUtils class
[ 2025-01-11 12:09:56,923 ] 130 root - INFO - Model trainer artifact: ModelTrainerArtifact(trained_model_file_path='Artifacts\\01_11_2025_12_04_06\\model_trainer\\trained_model\\model.pkl', train_metric_artifact=ClassificationMetricArtifact(f1_score=0.9908814589665653, precision_score=1.0, recall_score=0.9819277108433735), test_metric_artifact=ClassificationMetricArtifact(f1_score=0.9545454545454546, precision_score=1.0, recall_score=0.9130434782608695))
