[ 2025-01-11 13:06:16,210 ] 1025 httpx - INFO - HTTP Request: GET https://dagshub.com/api/v1/user "HTTP/1.1 200 OK"
[ 2025-01-11 13:06:16,227 ] 107 dagshub - INFO - Accessing as Sai-Santhosh
[ 2025-01-11 13:06:16,591 ] 1025 httpx - INFO - HTTP Request: GET https://dagshub.com/api/v1/repos/Sai-Santhosh/MLOPS_Breast_Cancer "HTTP/1.1 200 OK"
[ 2025-01-11 13:06:16,979 ] 1025 httpx - INFO - HTTP Request: GET https://dagshub.com/api/v1/user "HTTP/1.1 200 OK"
[ 2025-01-11 13:06:16,986 ] 107 dagshub - INFO - Initialized MLflow to track repo "Sai-Santhosh/MLOPS_Breast_Cancer"
[ 2025-01-11 13:06:16,987 ] 107 dagshub - INFO - Repository Sai-Santhosh/MLOPS_Breast_Cancer initialized!
[ 2025-01-11 13:06:31,024 ] 42 root - INFO - Start data Ingestion
[ 2025-01-11 13:06:35,717 ] 62 root - INFO - Performed train test split on the dataframe
[ 2025-01-11 13:06:35,717 ] 64 root - INFO - Exited split_data_as_train_test method of Data_Ingestion class
[ 2025-01-11 13:06:35,718 ] 72 root - INFO - Exporting train and test file path.
[ 2025-01-11 13:06:35,749 ] 81 root - INFO - Exported train and test file path.
[ 2025-01-11 13:06:35,749 ] 45 root - INFO - Data Ingestion completed and artifact: DataIngestionArtifact(trained_file_path='Artifacts\\01_11_2025_13_06_08\\data_ingestion\\ingested\\train.csv', test_file_path='Artifacts\\01_11_2025_13_06_08\\data_ingestion\\ingested\\test.csv')
[ 2025-01-11 13:06:35,776 ] 55 root - INFO - Initiate the data Validation
[ 2025-01-11 13:06:35,834 ] 33 root - INFO - Required number of columns:3
[ 2025-01-11 13:06:35,834 ] 34 root - INFO - Data frame has columns:33
[ 2025-01-11 13:06:35,834 ] 33 root - INFO - Required number of columns:3
[ 2025-01-11 13:06:35,834 ] 34 root - INFO - Data frame has columns:33
[ 2025-01-11 13:06:35,949 ] 51 root - INFO - Starting data transformation process.
[ 2025-01-11 13:06:35,964 ] 66 root - INFO - Encoded target variable successfully.
[ 2025-01-11 13:06:35,964 ] 37 root - INFO - Creating data transformer object with KNNImputer and StandardScaler.
[ 2025-01-11 13:06:35,993 ] 41 root - INFO - Entered the save_object method of MainUtils class
[ 2025-01-11 13:06:35,996 ] 45 root - INFO - Exited the save_object method of MainUtils class
[ 2025-01-11 13:06:35,997 ] 41 root - INFO - Entered the save_object method of MainUtils class
[ 2025-01-11 13:06:35,998 ] 45 root - INFO - Exited the save_object method of MainUtils class
[ 2025-01-11 13:06:35,998 ] 41 root - INFO - Entered the save_object method of MainUtils class
[ 2025-01-11 13:06:35,999 ] 45 root - INFO - Exited the save_object method of MainUtils class
[ 2025-01-11 13:06:35,999 ] 86 root - INFO - Saved transformed data and preprocessing objects successfully.
