[ 2025-01-11 11:58:08,671 ] 1025 httpx - INFO - HTTP Request: GET https://dagshub.com/api/v1/user "HTTP/1.1 200 OK"
[ 2025-01-11 11:58:08,680 ] 107 dagshub - INFO - Accessing as Sai-Santhosh
[ 2025-01-11 11:58:09,044 ] 1025 httpx - INFO - HTTP Request: GET https://dagshub.com/api/v1/repos/Sai-Santhosh/MLOPS_Breast_Cancer "HTTP/1.1 200 OK"
[ 2025-01-11 11:58:09,488 ] 1025 httpx - INFO - HTTP Request: GET https://dagshub.com/api/v1/user "HTTP/1.1 200 OK"
[ 2025-01-11 11:58:09,493 ] 107 dagshub - INFO - Initialized MLflow to track repo "Sai-Santhosh/MLOPS_Breast_Cancer"
[ 2025-01-11 11:58:09,495 ] 107 dagshub - INFO - Repository Sai-Santhosh/MLOPS_Breast_Cancer initialized!
[ 2025-01-11 11:58:26,338 ] 42 root - INFO - Start data Ingestion
[ 2025-01-11 11:58:31,133 ] 62 root - INFO - Performed train test split on the dataframe
[ 2025-01-11 11:58:31,134 ] 64 root - INFO - Exited split_data_as_train_test method of Data_Ingestion class
[ 2025-01-11 11:58:31,134 ] 72 root - INFO - Exporting train and test file path.
[ 2025-01-11 11:58:31,162 ] 81 root - INFO - Exported train and test file path.
[ 2025-01-11 11:58:31,162 ] 45 root - INFO - Data Ingestion completed and artifact: DataIngestionArtifact(trained_file_path='Artifacts\\01_11_2025_11_58_00\\data_ingestion\\ingested\\train.csv', test_file_path='Artifacts\\01_11_2025_11_58_00\\data_ingestion\\ingested\\test.csv')
[ 2025-01-11 11:58:31,181 ] 55 root - INFO - Initiate the data Validation
[ 2025-01-11 11:58:31,229 ] 33 root - INFO - Required number of columns:3
[ 2025-01-11 11:58:31,229 ] 34 root - INFO - Data frame has columns:33
[ 2025-01-11 11:58:31,230 ] 33 root - INFO - Required number of columns:3
[ 2025-01-11 11:58:31,230 ] 34 root - INFO - Data frame has columns:33
[ 2025-01-11 11:58:31,340 ] 51 root - INFO - Starting data transformation process.
[ 2025-01-11 11:58:31,356 ] 66 root - INFO - Encoded target variable successfully.
[ 2025-01-11 11:58:31,356 ] 37 root - INFO - Creating data transformer object with KNNImputer and StandardScaler.
[ 2025-01-11 11:58:31,378 ] 41 root - INFO - Entered the save_object method of MainUtils class
[ 2025-01-11 11:58:31,381 ] 45 root - INFO - Exited the save_object method of MainUtils class
[ 2025-01-11 11:58:31,381 ] 41 root - INFO - Entered the save_object method of MainUtils class
[ 2025-01-11 11:58:31,382 ] 45 root - INFO - Exited the save_object method of MainUtils class
[ 2025-01-11 11:58:31,383 ] 41 root - INFO - Entered the save_object method of MainUtils class
[ 2025-01-11 11:58:31,383 ] 45 root - INFO - Exited the save_object method of MainUtils class
[ 2025-01-11 11:58:31,384 ] 86 root - INFO - Saved transformed data and preprocessing objects successfully.
